<?xml version="1.0" encoding="UTF-8"?>
<!-- Generated by org.testng.reporters.JUnitReportReporter -->
<testsuite ignored="0" hostname="DESKTOP-IJEOIQ2" failures="0" tests="1" name="apachePOI.ParameterizationTest" time="72.866" errors="0" timestamp="03 May 2021 12:33:56 GMT" skipped="0">
  <testcase classname="apachePOI.ParameterizationTest" name="logIn" time="72.866"/>
</testsuite> <!-- apachePOI.ParameterizationTest -->
