<?xml version="1.0" encoding="UTF-8"?>
<!-- Generated by org.testng.reporters.JUnitReportReporter -->
<testsuite ignored="0" hostname="DESKTOP-IJEOIQ2" failures="0" tests="1" name="runner.TestRunner3" time="0.000" errors="0" timestamp="03 May 2021 11:43:29 GMT" skipped="1">
  <testcase classname="runner.TestRunner3" name="runScenario" time="0.000">
    <skipped/>
  </testcase> <!-- runScenario -->
</testsuite> <!-- runner.TestRunner3 -->
